# JRE version: Java(TM) SE Runtime Environment (8.0_211-b12) (build 1.8.0_211-b12)
# Java VM: Java HotSpot(TM) 64-Bit Server VM (25.211-b12 mixed mode windows-amd64 compressed oops)
Heap:
 PSYoungGen      total 144384K, used 106953K [0x00000000f5580000, 0x0000000100000000, 0x0000000100000000)
  eden space 117760K, 75% used [0x00000000f5580000,0x00000000fac70718,0x00000000fc880000)
  from space 26624K, 67% used [0x00000000fc880000,0x00000000fda02008,0x00000000fe280000)
  to   space 27136K, 0% used [0x00000000fe580000,0x00000000fe580000,0x0000000100000000)
 ParOldGen       total 207360K, used 69044K [0x00000000e0000000, 0x00000000eca80000, 0x00000000f5580000)
  object space 207360K, 33% used [0x00000000e0000000,0x00000000e436d1b0,0x00000000eca80000)
 Metaspace       used 73878K, capacity 78490K, committed 78720K, reserved 1116160K
  class space    used 10049K, capacity 11054K, committed 11136K, reserved 1048576K
GC Heap History (10 events):
Event: 25.867 GC heap before
{Heap before GC invocations=14 (full 3):
 PSYoungGen      total 146432K, used 132608K [0x00000000f5580000, 0x0000000100000000, 0x0000000100000000)
  eden space 132608K, 100% used [0x00000000f5580000,0x00000000fd700000,0x00000000fd700000)
  from space 13824K, 0% used [0x00000000ff280000,0x00000000ff280000,0x0000000100000000)
  to   space 20992K, 0% used [0x00000000fd700000,0x00000000fd700000,0x00000000feb80000)
 ParOldGen       total 207360K, used 35763K [0x00000000e0000000, 0x00000000eca80000, 0x00000000f5580000)
  object space 207360K, 17% used [0x00000000e0000000,0x00000000e22ece88,0x00000000eca80000)
 Metaspace       used 62051K, capacity 65122K, committed 65408K, reserved 1105920K
  class space    used 8743K, capacity 9509K, committed 9600K, reserved 1048576K
Event: 25.894 GC heap after
Heap after GC invocations=14 (full 3):
 PSYoungGen      total 147968K, used 14926K [0x00000000f5580000, 0x0000000100000000, 0x0000000100000000)
  eden space 132608K, 0% used [0x00000000f5580000,0x00000000f5580000,0x00000000fd700000)
  from space 15360K, 97% used [0x00000000fd700000,0x00000000fe593ad0,0x00000000fe600000)
  to   space 21504K, 0% used [0x00000000feb00000,0x00000000feb00000,0x0000000100000000)
 ParOldGen       total 207360K, used 35771K [0x00000000e0000000, 0x00000000eca80000, 0x00000000f5580000)
  object space 207360K, 17% used [0x00000000e0000000,0x00000000e22eee88,0x00000000eca80000)
 Metaspace       used 62051K, capacity 65122K, committed 65408K, reserved 1105920K
  class space    used 8743K, capacity 9509K, committed 9600K, reserved 1048576K
}
Event: 29.130 GC heap before
{Heap before GC invocations=15 (full 3):
 PSYoungGen      total 147968K, used 147534K [0x00000000f5580000, 0x0000000100000000, 0x0000000100000000)
  eden space 132608K, 100% used [0x00000000f5580000,0x00000000fd700000,0x00000000fd700000)
  from space 15360K, 97% used [0x00000000fd700000,0x00000000fe593ad0,0x00000000fe600000)
  to   space 21504K, 0% used [0x00000000feb00000,0x00000000feb00000,0x0000000100000000)
 ParOldGen       total 207360K, used 35771K [0x00000000e0000000, 0x00000000eca80000, 0x00000000f5580000)
  object space 207360K, 17% used [0x00000000e0000000,0x00000000e22eee88,0x00000000eca80000)
 Metaspace       used 65500K, capacity 69164K, committed 69248K, reserved 1107968K
  class space    used 9155K, capacity 10069K, committed 10112K, reserved 1048576K
Event: 29.174 GC heap after
Heap after GC invocations=15 (full 3):
 PSYoungGen      total 138752K, used 21472K [0x00000000f5580000, 0x0000000100000000, 0x0000000100000000)
  eden space 117248K, 0% used [0x00000000f5580000,0x00000000f5580000,0x00000000fc800000)
  from space 21504K, 99% used [0x00000000feb00000,0x00000000ffff8020,0x0000000100000000)
  to   space 28672K, 0% used [0x00000000fc800000,0x00000000fc800000,0x00000000fe400000)
 ParOldGen       total 207360K, used 47763K [0x00000000e0000000, 0x00000000eca80000, 0x00000000f5580000)
  object space 207360K, 23% used [0x00000000e0000000,0x00000000e2ea4d60,0x00000000eca80000)
 Metaspace       used 65500K, capacity 69164K, committed 69248K, reserved 1107968K
  class space    used 9155K, capacity 10069K, committed 10112K, reserved 1048576K
}
Event: 31.653 GC heap before
{Heap before GC invocations=16 (full 3):
 PSYoungGen      total 138752K, used 138720K [0x00000000f5580000, 0x0000000100000000, 0x0000000100000000)
  eden space 117248K, 100% used [0x00000000f5580000,0x00000000fc800000,0x00000000fc800000)
  from space 21504K, 99% used [0x00000000feb00000,0x00000000ffff8020,0x0000000100000000)
  to   space 28672K, 0% used [0x00000000fc800000,0x00000000fc800000,0x00000000fe400000)
 ParOldGen       total 207360K, used 47763K [0x00000000e0000000, 0x00000000eca80000, 0x00000000f5580000)
  object space 207360K, 23% used [0x00000000e0000000,0x00000000e2ea4d60,0x00000000eca80000)
 Metaspace       used 67602K, capacity 71702K, committed 71936K, reserved 1110016K
  class space    used 9460K, capacity 10404K, committed 10496K, reserved 1048576K
Event: 31.700 GC heap after
Heap after GC invocations=16 (full 3):
 PSYoungGen      total 145920K, used 7615K [0x00000000f5580000, 0x0000000100000000, 0x0000000100000000)
  eden space 117248K, 0% used [0x00000000f5580000,0x00000000f5580000,0x00000000fc800000)
  from space 28672K, 26% used [0x00000000fc800000,0x00000000fcf6ffd8,0x00000000fe400000)
  to   space 28160K, 0% used [0x00000000fe480000,0x00000000fe480000,0x0000000100000000)
 ParOldGen       total 207360K, used 69028K [0x00000000e0000000, 0x00000000eca80000, 0x00000000f5580000)
  object space 207360K, 33% used [0x00000000e0000000,0x00000000e43691b0,0x00000000eca80000)
 Metaspace       used 67602K, capacity 71702K, committed 71936K, reserved 1110016K
  class space    used 9460K, capacity 10404K, committed 10496K, reserved 1048576K
}
Event: 34.051 GC heap before
{Heap before GC invocations=17 (full 3):
 PSYoungGen      total 145920K, used 124863K [0x00000000f5580000, 0x0000000100000000, 0x0000000100000000)
  eden space 117248K, 100% used [0x00000000f5580000,0x00000000fc800000,0x00000000fc800000)
  from space 28672K, 26% used [0x00000000fc800000,0x00000000fcf6ffd8,0x00000000fe400000)
  to   space 28160K, 0% used [0x00000000fe480000,0x00000000fe480000,0x0000000100000000)
 ParOldGen       total 207360K, used 69028K [0x00000000e0000000, 0x00000000eca80000, 0x00000000f5580000)
  object space 207360K, 33% used [0x00000000e0000000,0x00000000e43691b0,0x00000000eca80000)
 Metaspace       used 68442K, capacity 72856K, committed 73088K, reserved 1112064K
  class space    used 9566K, capacity 10529K, committed 10624K, reserved 1048576K
Event: 34.073 GC heap after
Heap after GC invocations=17 (full 3):
 PSYoungGen      total 142336K, used 13552K [0x00000000f5580000, 0x00000000ffc80000, 0x0000000100000000)
  eden space 117760K, 0% used [0x00000000f5580000,0x00000000f5580000,0x00000000fc880000)
  from space 24576K, 55% used [0x00000000fe480000,0x00000000ff1bc030,0x00000000ffc80000)
  to   space 26624K, 0% used [0x00000000fc880000,0x00000000fc880000,0x00000000fe280000)
 ParOldGen       total 207360K, used 69036K [0x00000000e0000000, 0x00000000eca80000, 0x00000000f5580000)
  object space 207360K, 33% used [0x00000000e0000000,0x00000000e436b1b0,0x00000000eca80000)
 Metaspace       used 68442K, capacity 72856K, committed 73088K, reserved 1112064K
  class space    used 9566K, capacity 10529K, committed 10624K, reserved 1048576K
}
Event: 53.109 GC heap before
{Heap before GC invocations=18 (full 3):
 PSYoungGen      total 142336K, used 131312K [0x00000000f5580000, 0x00000000ffc80000, 0x0000000100000000)
  eden space 117760K, 100% used [0x00000000f5580000,0x00000000fc880000,0x00000000fc880000)
  from space 24576K, 55% used [0x00000000fe480000,0x00000000ff1bc030,0x00000000ffc80000)
  to   space 26624K, 0% used [0x00000000fc880000,0x00000000fc880000,0x00000000fe280000)
 ParOldGen       total 207360K, used 69036K [0x00000000e0000000, 0x00000000eca80000, 0x00000000f5580000)
  object space 207360K, 33% used [0x00000000e0000000,0x00000000e436b1b0,0x00000000eca80000)
 Metaspace       used 71129K, capacity 75648K, committed 75904K, reserved 1114112K
  class space    used 9890K, capacity 10873K, committed 10880K, reserved 1048576K
Event: 53.131 GC heap after
Heap after GC invocations=18 (full 3):
 PSYoungGen      total 144384K, used 17928K [0x00000000f5580000, 0x0000000100000000, 0x0000000100000000)
  eden space 117760K, 0% used [0x00000000f5580000,0x00000000f5580000,0x00000000fc880000)
  from space 26624K, 67% used [0x00000000fc880000,0x00000000fda02008,0x00000000fe280000)
  to   space 27136K, 0% used [0x00000000fe580000,0x00000000fe580000,0x0000000100000000)
 ParOldGen       total 207360K, used 69044K [0x00000000e0000000, 0x00000000eca80000, 0x00000000f5580000)
  object space 207360K, 33% used [0x00000000e0000000,0x00000000e436d1b0,0x00000000eca80000)
 Metaspace       used 71129K, capacity 75648K, committed 75904K, reserved 1114112K
  class space    used 9890K, capacity 10873K, committed 10880K, reserved 1048576K
}

